<?xml version="1.0" encoding="UTF-8"?>
<testng-results skipped="0" failed="0" total="1" passed="1">
  <reporter-output>
  </reporter-output>
  <suite name="Suite" duration-ms="76652" started-at="2018-01-14T06:45:43Z" finished-at="2018-01-14T06:46:59Z">
    <groups>
    </groups>
    <test name="Test" duration-ms="76652" started-at="2018-01-14T06:45:43Z" finished-at="2018-01-14T06:46:59Z">
      <class name="com.mavenproject.testCases.tracko_TestCase">
        <test-method status="PASS" signature="Sign_upTestCaases()[pri:0, instance:com.mavenproject.testCases.tracko_TestCase@181a1bc]" name="Sign_upTestCaases" duration-ms="76622" started-at="2018-01-14T12:15:43Z" finished-at="2018-01-14T12:16:59Z">
          <reporter-output>
          </reporter-output>
        </test-method> <!-- Sign_upTestCaases -->
      </class> <!-- com.mavenproject.testCases.tracko_TestCase -->
    </test> <!-- Test -->
  </suite> <!-- Suite -->
</testng-results>
